\BOOKMARK [0][-]{chapter.1}{\376\377\000I\000n\000t\000r\000o\000d\000u\000c\000t\000i\000o\000n\000\040\000a\000n\000d\000\040\000M\000o\000t\000i\000v\000a\000t\000i\000o\000n}{}% 1
\BOOKMARK [1][-]{section.1.1}{\376\377\000B\000a\000c\000k\000g\000r\000o\000u\000n\000d}{chapter.1}% 2
\BOOKMARK [1][-]{section.1.2}{\376\377\000R\000e\000s\000e\000a\000r\000c\000h\000\040\000O\000b\000j\000e\000c\000t\000i\000v\000e\000s}{chapter.1}% 3
\BOOKMARK [1][-]{section.1.3}{\376\377\000S\000t\000a\000n\000d\000a\000r\000d\000\040\000O\000v\000e\000r\000v\000i\000e\000w\000:\000\040\000D\000V\000B\000-\000S\0002\000\040\000M\000O\000D\000C\000O\000D}{chapter.1}% 4
\BOOKMARK [0][-]{chapter.2}{\376\377\000S\000y\000s\000t\000e\000m\000\040\000A\000r\000c\000h\000i\000t\000e\000c\000t\000u\000r\000e}{}% 5
\BOOKMARK [1][-]{section.2.1}{\376\377\000O\000v\000e\000r\000a\000l\000l\000\040\000B\000l\000o\000c\000k\000\040\000D\000i\000a\000g\000r\000a\000m}{chapter.2}% 6
\BOOKMARK [1][-]{section.2.2}{\376\377\000S\000i\000g\000n\000a\000l\000\040\000F\000l\000o\000w\000\040\000a\000n\000d\000\040\000D\000a\000t\000a\000\040\000T\000y\000p\000e\000s}{chapter.2}% 7
\BOOKMARK [1][-]{section.2.3}{\376\377\000A\000C\000M\000\040\000S\000t\000r\000e\000a\000m\000\040\000T\000a\000g\000\040\000P\000r\000o\000t\000o\000c\000o\000l}{chapter.2}% 8
\BOOKMARK [0][-]{chapter.3}{\376\377\000G\000N\000U\000\040\000R\000a\000d\000i\000o\000\040\000I\000m\000p\000l\000e\000m\000e\000n\000t\000a\000t\000i\000o\000n}{}% 9
\BOOKMARK [1][-]{section.3.1}{\376\377\000M\000o\000d\000u\000l\000e\000\040\000S\000t\000r\000u\000c\000t\000u\000r\000e}{chapter.3}% 10
\BOOKMARK [1][-]{section.3.2}{\376\377\000F\000r\000a\000m\000e\000\040\000B\000u\000f\000f\000e\000r\000\040\000M\000a\000n\000a\000g\000e\000m\000e\000n\000t\000:\000\040\000s\000e\000t\000\137\000o\000u\000t\000p\000u\000t\000\137\000m\000u\000l\000t\000i\000p\000l\000e}{chapter.3}% 11
\BOOKMARK [1][-]{section.3.3}{\376\377\000B\000l\000o\000c\000k\000\040\000I\000m\000p\000l\000e\000m\000e\000n\000t\000a\000t\000i\000o\000n\000s}{chapter.3}% 12
\BOOKMARK [2][-]{subsection.3.3.1}{\376\377\000B\000B\000\040\000F\000r\000a\000m\000e\000r\000\040\000A\000C\000M\000\040\000\050\000b\000b\000\137\000f\000r\000a\000m\000e\000r\000\137\000a\000c\000m\000\137\000p\000y\000.\000p\000y\000\051}{section.3.3}% 13
\BOOKMARK [2][-]{subsection.3.3.2}{\376\377\000F\000E\000C\000\040\000E\000n\000c\000o\000d\000e\000r\000\040\000A\000C\000M\000\040\000\050\000f\000e\000c\000\137\000e\000n\000c\000o\000d\000e\000r\000\137\000a\000c\000m\000\137\000p\000y\000.\000p\000y\000\051}{section.3.3}% 14
\BOOKMARK [2][-]{subsection.3.3.3}{\376\377\000M\000o\000d\000u\000l\000a\000t\000o\000r\000\040\000A\000C\000M\000\040\000\050\000m\000o\000d\000u\000l\000a\000t\000o\000r\000\137\000a\000c\000m\000\137\000p\000y\000.\000p\000y\000\051}{section.3.3}% 15
\BOOKMARK [2][-]{subsection.3.3.4}{\376\377\000P\000L\000\040\000F\000r\000a\000m\000e\000r\000\040\000A\000C\000M\000\040\000\050\000p\000l\000\137\000f\000r\000a\000m\000e\000r\000\137\000a\000c\000m\000\137\000p\000y\000.\000p\000y\000\051}{section.3.3}% 16
\BOOKMARK [2][-]{subsection.3.3.5}{\376\377\000P\000L\000\040\000S\000y\000n\000c\000\040\000A\000C\000M\000\040\000\050\000p\000l\000\137\000s\000y\000n\000c\000\137\000a\000c\000m\000\137\000p\000y\000.\000p\000y\000\051}{section.3.3}% 17
\BOOKMARK [2][-]{subsection.3.3.6}{\376\377\000S\000N\000R\000\040\000E\000s\000t\000i\000m\000a\000t\000o\000r\000\040\000\050\000s\000n\000r\000\137\000e\000s\000t\000i\000m\000a\000t\000o\000r\000\137\000p\000y\000.\000p\000y\000\051}{section.3.3}% 18
\BOOKMARK [2][-]{subsection.3.3.7}{\376\377\000D\000e\000m\000o\000d\000u\000l\000a\000t\000o\000r\000\040\000A\000C\000M\000\040\000\050\000d\000e\000m\000o\000d\000u\000l\000a\000t\000o\000r\000\137\000a\000c\000m\000\137\000p\000y\000.\000p\000y\000\051}{section.3.3}% 19
\BOOKMARK [2][-]{subsection.3.3.8}{\376\377\000F\000E\000C\000\040\000D\000e\000c\000o\000d\000e\000r\000\040\000A\000C\000M\000\040\000\050\000f\000e\000c\000\137\000d\000e\000c\000o\000d\000e\000r\000\137\000a\000c\000m\000\137\000p\000y\000.\000p\000y\000\051}{section.3.3}% 20
\BOOKMARK [2][-]{subsection.3.3.9}{\376\377\000A\000C\000M\000\040\000F\000e\000e\000d\000b\000a\000c\000k\000\040\000\050\000a\000c\000m\000\137\000f\000e\000e\000d\000b\000a\000c\000k\000\137\000p\000y\000.\000p\000y\000\051}{section.3.3}% 21
\BOOKMARK [2][-]{subsection.3.3.10}{\376\377\000A\000C\000M\000\040\000C\000o\000n\000t\000r\000o\000l\000l\000e\000r\000\040\000\050\000a\000c\000m\000\137\000c\000o\000n\000t\000r\000o\000l\000l\000e\000r\000\137\000p\000y\000.\000p\000y\000\051}{section.3.3}% 22
\BOOKMARK [0][-]{chapter.4}{\376\377\000A\000I\000/\000M\000L\000\040\000C\000o\000g\000n\000i\000t\000i\000v\000e\000\040\000E\000n\000g\000i\000n\000e}{}% 23
\BOOKMARK [1][-]{section.4.1}{\376\377\000A\000r\000c\000h\000i\000t\000e\000c\000t\000u\000r\000e\000\040\000O\000v\000e\000r\000v\000i\000e\000w}{chapter.4}% 24
\BOOKMARK [1][-]{section.4.2}{\376\377\000S\000t\000a\000t\000e\000\040\000R\000e\000p\000r\000e\000s\000e\000n\000t\000a\000t\000i\000o\000n}{chapter.4}% 25
\BOOKMARK [1][-]{section.4.3}{\376\377\000D\000Q\000N\000\040\000A\000r\000c\000h\000i\000t\000e\000c\000t\000u\000r\000e}{chapter.4}% 26
\BOOKMARK [1][-]{section.4.4}{\376\377\000L\000S\000T\000M\000\040\000C\000h\000a\000n\000n\000e\000l\000\040\000P\000r\000e\000d\000i\000c\000t\000o\000r}{chapter.4}% 27
\BOOKMARK [1][-]{section.4.5}{\376\377\000R\000e\000w\000a\000r\000d\000\040\000F\000u\000n\000c\000t\000i\000o\000n}{chapter.4}% 28
\BOOKMARK [1][-]{section.4.6}{\376\377\000T\000r\000a\000i\000n\000i\000n\000g\000\040\000S\000c\000h\000e\000d\000u\000l\000e}{chapter.4}% 29
\BOOKMARK [0][-]{chapter.5}{\376\377\000G\000N\000U\000\040\000R\000a\000d\000i\000o\000\040\000C\000o\000m\000p\000a\000n\000i\000o\000n\000\040\000F\000l\000o\000w\000g\000r\000a\000p\000h}{}% 30
\BOOKMARK [1][-]{section.5.1}{\376\377\000L\000o\000o\000p\000b\000a\000c\000k\000\040\000F\000l\000o\000w\000g\000r\000a\000p\000h\000\040\000\050\000e\000x\000a\000m\000p\000l\000e\000s\000/\000a\000c\000m\000\137\000l\000o\000o\000p\000b\000a\000c\000k\000.\000g\000r\000c\000\051}{chapter.5}% 31
\BOOKMARK [1][-]{section.5.2}{\376\377\000Q\000t\000\040\000G\000U\000I\000\040\000P\000a\000n\000e\000l\000s}{chapter.5}% 32
\BOOKMARK [1][-]{section.5.3}{\376\377\000C\000h\000a\000n\000n\000e\000l\000\040\000M\000o\000d\000e\000l\000\040\000P\000a\000r\000a\000m\000e\000t\000e\000r\000s}{chapter.5}% 33
\BOOKMARK [0][-]{chapter.6}{\376\377\000S\000i\000m\000u\000l\000a\000t\000i\000o\000n\000\040\000R\000e\000s\000u\000l\000t\000s}{}% 34
\BOOKMARK [1][-]{section.6.1}{\376\377\000R\000u\000l\000e\000-\000B\000a\000s\000e\000d\000\040\000A\000C\000M\000\040\000B\000e\000h\000a\000v\000i\000o\000u\000r}{chapter.6}% 35
\BOOKMARK [1][-]{section.6.2}{\376\377\000C\000o\000m\000p\000a\000r\000a\000t\000i\000v\000e\000\040\000P\000e\000r\000f\000o\000r\000m\000a\000n\000c\000e}{chapter.6}% 36
\BOOKMARK [1][-]{section.6.3}{\376\377\000M\000O\000D\000C\000O\000D\000\040\000D\000i\000s\000t\000r\000i\000b\000u\000t\000i\000o\000n\000\040\000O\000v\000e\000r\000\040\000S\000N\000R}{chapter.6}% 37
\BOOKMARK [0][-]{chapter.7}{\376\377\000B\000u\000i\000l\000d\000\040\000S\000y\000s\000t\000e\000m\000\040\000a\000n\000d\000\040\000D\000e\000p\000l\000o\000y\000m\000e\000n\000t}{}% 38
\BOOKMARK [1][-]{section.7.1}{\376\377\000B\000u\000i\000l\000d\000\040\000S\000c\000r\000i\000p\000t\000\040\000\050\000b\000u\000i\000l\000d\000.\000s\000h\000\051}{chapter.7}% 39
\BOOKMARK [1][-]{section.7.2}{\376\377\000E\000n\000v\000i\000r\000o\000n\000m\000e\000n\000t\000\040\000V\000a\000r\000i\000a\000b\000l\000e\000s}{chapter.7}% 40
\BOOKMARK [1][-]{section.7.3}{\376\377\000S\000y\000s\000t\000e\000m\000\040\000R\000e\000q\000u\000i\000r\000e\000m\000e\000n\000t\000s}{chapter.7}% 41
\BOOKMARK [0][-]{chapter.8}{\376\377\000K\000e\000y\000\040\000E\000n\000g\000i\000n\000e\000e\000r\000i\000n\000g\000\040\000C\000h\000a\000l\000l\000e\000n\000g\000e\000s\000\040\000a\000n\000d\000\040\000S\000o\000l\000u\000t\000i\000o\000n\000s}{}% 42
\BOOKMARK [1][-]{section.8.1}{\376\377\000G\000N\000U\000\040\000R\000a\000d\000i\000o\000\040\000S\000c\000h\000e\000d\000u\000l\000e\000r\000\040\000D\000e\000a\000d\000l\000o\000c\000k}{chapter.8}% 43
\BOOKMARK [1][-]{section.8.2}{\376\377\000G\000R\000C\000\040\000Y\000A\000M\000L\000\040\000F\000o\000l\000d\000e\000d\000\040\000S\000c\000a\000l\000a\000r\000\040\000B\000u\000g}{chapter.8}% 44
\BOOKMARK [1][-]{section.8.3}{\376\377\000P\000y\000t\000h\000o\000n\000\040\000M\000o\000d\000u\000l\000e\000\040\000D\000i\000s\000c\000o\000v\000e\000r\000y}{chapter.8}% 45
\BOOKMARK [1][-]{section.8.4}{\376\377\000M\000e\000s\000s\000a\000g\000e\000\040\000P\000o\000r\000t\000\040\000F\000l\000o\000o\000d\000i\000n\000g}{chapter.8}% 46
\BOOKMARK [1][-]{section.8.5}{\376\377\000U\000n\000c\000o\000n\000n\000e\000c\000t\000e\000d\000\040\000M\000e\000s\000s\000a\000g\000e\000\040\000O\000u\000t\000p\000u\000t\000\040\000P\000o\000r\000t\000s}{chapter.8}% 47
\BOOKMARK [0][-]{chapter.9}{\376\377\000L\000E\000O\000\040\000S\000a\000t\000e\000l\000l\000i\000t\000e\000\040\000C\000h\000a\000n\000n\000e\000l\000\040\000M\000o\000d\000e\000l}{}% 48
\BOOKMARK [1][-]{section.9.1}{\376\377\000L\000E\000O\000\040\000C\000h\000a\000n\000n\000e\000l\000\040\000C\000h\000a\000r\000a\000c\000t\000e\000r\000i\000s\000t\000i\000c\000s}{chapter.9}% 49
\BOOKMARK [1][-]{section.9.2}{\376\377\000P\000h\000y\000s\000i\000c\000s\000-\000B\000a\000s\000e\000d\000\040\000P\000a\000s\000s\000\040\000M\000o\000d\000e\000l}{chapter.9}% 50
\BOOKMARK [2][-]{subsection.9.2.1}{\376\377\000O\000r\000b\000i\000t\000a\000l\000\040\000M\000e\000c\000h\000a\000n\000i\000c\000s}{section.9.2}% 51
\BOOKMARK [2][-]{subsection.9.2.2}{\376\377\000D\000o\000p\000p\000l\000e\000r\000\040\000S\000h\000i\000f\000t\000\040\000a\000n\000d\000\040\000R\000a\000t\000e}{section.9.2}% 52
\BOOKMARK [2][-]{subsection.9.2.3}{\376\377\000F\000r\000e\000e\000-\000S\000p\000a\000c\000e\000\040\000P\000a\000t\000h\000\040\000L\000o\000s\000s}{section.9.2}% 53
\BOOKMARK [2][-]{subsection.9.2.4}{\376\377\000R\000a\000i\000n\000\040\000A\000t\000t\000e\000n\000u\000a\000t\000i\000o\000n\000\040\000\050\000I\000T\000U\000-\000R\000\040\000P\000.\0006\0001\0008\000-\0001\0003\000\051}{section.9.2}% 54
\BOOKMARK [2][-]{subsection.9.2.5}{\376\377\000T\000r\000o\000p\000o\000s\000p\000h\000e\000r\000i\000c\000\040\000S\000c\000i\000n\000t\000i\000l\000l\000a\000t\000i\000o\000n\000\040\000a\000n\000d\000\040\000R\000i\000c\000i\000a\000n\000\040\000F\000a\000d\000i\000n\000g}{section.9.2}% 55
\BOOKMARK [1][-]{section.9.3}{\376\377\000S\000i\000m\000u\000l\000a\000t\000e\000d\000\040\000P\000a\000s\000s\000:\000\040\0005\0000\0000\000\040\000k\000m\000\040\000O\000r\000b\000i\000t\000\040\000a\000t\000\040\000X\000-\000B\000a\000n\000d}{chapter.9}% 56
\BOOKMARK [1][-]{section.9.4}{\376\377\000A\000C\000M\000\040\000I\000m\000p\000l\000i\000c\000a\000t\000i\000o\000n\000s\000\040\000f\000o\000r\000\040\000L\000E\000O}{chapter.9}% 57
\BOOKMARK [2][-]{subsection.9.4.1}{\376\377\000F\000a\000s\000t\000e\000r\000\040\000A\000C\000M\000\040\000L\000o\000o\000p}{section.9.4}% 58
\BOOKMARK [2][-]{subsection.9.4.2}{\376\377\000D\000o\000p\000p\000l\000e\000r\000\040\000P\000r\000e\000-\000C\000o\000m\000p\000e\000n\000s\000a\000t\000i\000o\000n}{section.9.4}% 59
\BOOKMARK [2][-]{subsection.9.4.3}{\376\377\000D\000y\000n\000a\000m\000i\000c\000\040\000S\000N\000R\000\040\000R\000a\000n\000g\000e}{section.9.4}% 60
\BOOKMARK [2][-]{subsection.9.4.4}{\376\377\000P\000a\000s\000s\000-\000A\000w\000a\000r\000e\000\040\000S\000c\000h\000e\000d\000u\000l\000i\000n\000g}{section.9.4}% 61
\BOOKMARK [0][-]{chapter.10}{\376\377\000F\000u\000t\000u\000r\000e\000\040\000W\000o\000r\000k}{}% 62
\BOOKMARK [1][-]{section.10.1}{\376\377\000S\000h\000o\000r\000t\000\040\000T\000e\000r\000m}{chapter.10}% 63
\BOOKMARK [1][-]{section.10.2}{\376\377\000M\000e\000d\000i\000u\000m\000\040\000T\000e\000r\000m}{chapter.10}% 64
\BOOKMARK [1][-]{section.10.3}{\376\377\000L\000o\000n\000g\000\040\000T\000e\000r\000m}{chapter.10}% 65
\BOOKMARK [0][-]{chapter.11}{\376\377\000C\000o\000n\000c\000l\000u\000s\000i\000o\000n}{}% 66
\BOOKMARK [0][-]{appendix.A}{\376\377\000M\000O\000D\000C\000O\000D\000\040\000R\000e\000f\000e\000r\000e\000n\000c\000e\000\040\000T\000a\000b\000l\000e\000\040\000\050\000A\000l\000l\000\040\0002\0008\000\040\000M\000O\000D\000C\000O\000D\000s\000\051}{}% 67
\BOOKMARK [0][-]{appendix.B}{\376\377\000F\000i\000l\000e\000\040\000L\000i\000s\000t\000i\000n\000g}{}% 68
\BOOKMARK [1][-]{section.B.1}{\376\377\000P\000y\000t\000h\000o\000n\000\040\000B\000l\000o\000c\000k\000\040\000F\000i\000l\000e\000s}{appendix.B}% 69
\BOOKMARK [1][-]{section.B.2}{\376\377\000G\000R\000C\000\040\000Y\000A\000M\000L\000\040\000B\000l\000o\000c\000k\000\040\000D\000e\000s\000c\000r\000i\000p\000t\000o\000r\000s}{appendix.B}% 70
\BOOKMARK [1][-]{section.B.3}{\376\377\000C\000+\000+\000\040\000S\000o\000u\000r\000c\000e\000\040\000F\000i\000l\000e\000s\000\040\000\050\000C\000o\000m\000p\000i\000l\000e\000d\000\051}{appendix.B}% 71
\BOOKMARK [0][-]{appendix.C}{\376\377\000G\000l\000o\000s\000s\000a\000r\000y}{}% 72
